Arguments: 
  C:\Program Files\nodejs\node.exe C:\Program Files (x86)\Yarn\bin\yarn.js init

PATH: 
  C:\Program Files (x86)\Common Files\Oracle\Java\javapath;C:\Program Files\Java\jdk1.8.0_231\bin;C:\app\liped\product\18.0.0\dbhomeXE\bin;C:\WINDOWS\system32;C:\WINDOWS;C:\WINDOWS\System32\Wbem;C:\WINDOWS\System32\WindowsPowerShell\v1.0\;C:\WINDOWS\System32\OpenSSH\;C:\Program Files\Intel\WiFi\bin\;C:\Program Files\Common Files\Intel\WirelessCommon\;C:\Program Files\Git\cmd;C:\Program Files\dotnet\;C:\Program Files\Microsoft SQL Server\130\Tools\Binn\;C:\geckodriver.exe;C:\Program Files (x86)\Tesseract-OCR;C:\Program Files\nodejs\;C:\ProgramData\chocolatey\bin;C:\Users\liped\AppData\Local\Android\SDK\platform-tools;C:\Users\liped\AppData\Local\Android\SDK\tools;C:\Program Files (x86)\Yarn\bin\;C:\Users\liped\AppData\Local\Programs\Python\Python38-32\Scripts\;C:\Users\liped\AppData\Local\Programs\Python\Python38-32\;C:\Program Files\heroku\bin;C:\Program Files (x86)\Intel\Intel(R) Management Engine Components\DAL;C:\Program Files\Intel\Intel(R) Management Engine Components\DAL;C:\Users\liped\AppData\Local\Microsoft\WindowsApps;C:\Users\liped\AppData\Local\Programs\Microsoft VS Code\bin;C:\Users\liped\AppData\Local\Programs\EmEditor;C:\Users\liped\.dotnet\tools;C:\sonar-scanner-msbuild;C:\Users\liped\AppData\Roaming\npm;C:\Users\liped\AppData\Local\Android\SDK\platform-tools;C:\Users\liped\AppData\Local\Yarn\bin;;C:\Users\liped\AppData\Local\Microsoft\WindowsApps;C:\Users\liped\AppData\Local\hyper\app-3.0.2\resources\bin;C:\Program Files\heroku\bin

Yarn version: 
  1.22.0

Node version: 
  12.16.1

Platform: 
  win32 x64

Trace: 
  Error: canceled
      at Interface.<anonymous> (C:\Program Files (x86)\Yarn\lib\cli.js:136987:13)
      at Interface.emit (events.js:311:20)
      at Interface._ttyWrite (readline.js:893:16)
      at ReadStream.onkeypress (readline.js:198:10)
      at ReadStream.emit (events.js:311:20)
      at emitKeys (internal/readline/utils.js:438:14)
      at emitKeys.next (<anonymous>)
      at ReadStream.onData (readline.js:1160:36)
      at ReadStream.emit (events.js:311:20)
      at addChunk (_stream_readable.js:294:12)

npm manifest: 
  No manifest

yarn manifest: 
  No manifest

Lockfile: 
  No lockfile
